<?xml version="1.0" encoding="UTF-8"?>
<testsuite name="zerobase.weather.WeatherApplicationTests" tests="3" skipped="0" failures="0" errors="0" timestamp="2023-07-27T05:31:20" hostname="YUYA" time="2.873">
  <properties/>
  <testcase name="nullTest()" classname="zerobase.weather.WeatherApplicationTests" time="2.84"/>
  <testcase name="equalTest()" classname="zerobase.weather.WeatherApplicationTests" time="0.016"/>
  <testcase name="trueTest()" classname="zerobase.weather.WeatherApplicationTests" time="0.009"/>
  <system-out><![CDATA[14:31:14.629 [Test worker] INFO org.springframework.test.context.support.AnnotationConfigContextLoaderUtils -- Could not detect default configuration classes for test class [zerobase.weather.WeatherApplicationTests]: WeatherApplicationTests does not declare any static, non-private, non-final, nested classes annotated with @Configuration.
14:31:14.950 [Test worker] INFO org.springframework.boot.test.context.SpringBootTestContextBootstrapper -- Found @SpringBootConfiguration zerobase.weather.WeatherApplication for test class zerobase.weather.WeatherApplicationTests

  .   ____          _            __ _ _
 /\\ / ___'_ __ _ _(_)_ __  __ _ \ \ \ \
( ( )\___ | '_ | '_| | '_ \/ _` | \ \ \ \
 \\/  ___)| |_)| | | | | || (_| |  ) ) ) )
  '  |____| .__|_| |_|_| |_\__, | / / / /
 =========|_|==============|___/=/_/_/_/
 :: Spring Boot ::                (v3.1.2)

2023-07-27T14:31:16.292+09:00  INFO 18496 --- [    Test worker] z.weather.WeatherApplicationTests        : Starting WeatherApplicationTests using Java 17.0.7 with PID 18496 (started by jr084 in C:\Users\jr084\Coding\intel_j\weather2)
2023-07-27T14:31:16.297+09:00  INFO 18496 --- [    Test worker] z.weather.WeatherApplicationTests        : No active profile set, falling back to 1 default profile: "default"
2023-07-27T14:31:20.015+09:00  INFO 18496 --- [    Test worker] z.weather.WeatherApplicationTests        : Started WeatherApplicationTests in 4.531 seconds (process running for 9.505)
]]></system-out>
  <system-err><![CDATA[]]></system-err>
</testsuite>
