<?xml version="1.0" encoding="UTF-8"?>
<testsuite name="zerobase.weather.Repository.JDBCMemoRepositoryTest" tests="1" skipped="0" failures="0" errors="0" timestamp="2023-07-27T09:54:25" hostname="YUYA" time="2.854">
  <properties/>
  <testcase name="findAllMemoTest()" classname="zerobase.weather.Repository.JDBCMemoRepositoryTest" time="2.854"/>
  <system-out><![CDATA[18:54:16.889 [Test worker] INFO org.springframework.test.context.support.AnnotationConfigContextLoaderUtils -- Could not detect default configuration classes for test class [zerobase.weather.Repository.JDBCMemoRepositoryTest]: JDBCMemoRepositoryTest does not declare any static, non-private, non-final, nested classes annotated with @Configuration.
18:54:17.337 [Test worker] INFO org.springframework.boot.test.context.SpringBootTestContextBootstrapper -- Found @SpringBootConfiguration zerobase.weather.WeatherApplication for test class zerobase.weather.Repository.JDBCMemoRepositoryTest

  .   ____          _            __ _ _
 /\\ / ___'_ __ _ _(_)_ __  __ _ \ \ \ \
( ( )\___ | '_ | '_| | '_ \/ _` | \ \ \ \
 \\/  ___)| |_)| | | | | || (_| |  ) ) ) )
  '  |____| .__|_| |_|_| |_\__, | / / / /
 =========|_|==============|___/=/_/_/_/
 :: Spring Boot ::                (v3.1.2)

2023-07-27T18:54:19.006+09:00  INFO 6276 --- [    Test worker] z.w.Repository.JDBCMemoRepositoryTest    : Starting JDBCMemoRepositoryTest using Java 17.0.7 with PID 6276 (started by jr084 in C:\Users\jr084\Coding\intel_j\weather2)
2023-07-27T18:54:19.009+09:00  INFO 6276 --- [    Test worker] z.w.Repository.JDBCMemoRepositoryTest    : No active profile set, falling back to 1 default profile: "default"
2023-07-27T18:54:21.278+09:00  INFO 6276 --- [    Test worker] .s.d.r.c.RepositoryConfigurationDelegate : Bootstrapping Spring Data JDBC repositories in DEFAULT mode.
2023-07-27T18:54:21.356+09:00  INFO 6276 --- [    Test worker] .s.d.r.c.RepositoryConfigurationDelegate : Finished Spring Data repository scanning in 63 ms. Found 0 JDBC repository interfaces.
2023-07-27T18:54:24.523+09:00  INFO 6276 --- [    Test worker] com.zaxxer.hikari.HikariDataSource       : HikariPool-1 - Starting...
2023-07-27T18:54:24.838+09:00  INFO 6276 --- [    Test worker] com.zaxxer.hikari.pool.HikariPool        : HikariPool-1 - Added connection org.mariadb.jdbc.MariaDbConnection@1f536481
2023-07-27T18:54:24.846+09:00  INFO 6276 --- [    Test worker] com.zaxxer.hikari.HikariDataSource       : HikariPool-1 - Start completed.
2023-07-27T18:54:25.573+09:00  INFO 6276 --- [    Test worker] z.w.Repository.JDBCMemoRepositoryTest    : Started JDBCMemoRepositoryTest in 7.52 seconds (process running for 12.411)
[zerobase.weather.Domain.Memo@4ab455e2]
]]></system-out>
  <system-err><![CDATA[]]></system-err>
</testsuite>
