<?xml version="1.0" encoding="UTF-8"?>
<testsuite name="zerobase.weather.Repository.JPAMemoRepositoryTest" tests="1" skipped="0" failures="0" errors="0" timestamp="2023-07-27T10:54:55" hostname="YUYA" time="1.729">
  <properties/>
  <testcase name="findByIdTest()" classname="zerobase.weather.Repository.JPAMemoRepositoryTest" time="1.729"/>
  <system-out><![CDATA[19:54:45.395 [Test worker] INFO org.springframework.test.context.support.AnnotationConfigContextLoaderUtils -- Could not detect default configuration classes for test class [zerobase.weather.Repository.JPAMemoRepositoryTest]: JPAMemoRepositoryTest does not declare any static, non-private, non-final, nested classes annotated with @Configuration.
19:54:45.705 [Test worker] INFO org.springframework.boot.test.context.SpringBootTestContextBootstrapper -- Found @SpringBootConfiguration zerobase.weather.WeatherApplication for test class zerobase.weather.Repository.JPAMemoRepositoryTest

  .   ____          _            __ _ _
 /\\ / ___'_ __ _ _(_)_ __  __ _ \ \ \ \
( ( )\___ | '_ | '_| | '_ \/ _` | \ \ \ \
 \\/  ___)| |_)| | | | | || (_| |  ) ) ) )
  '  |____| .__|_| |_|_| |_\__, | / / / /
 =========|_|==============|___/=/_/_/_/
 :: Spring Boot ::                (v3.1.2)

2023-07-27T19:54:46.877+09:00  INFO 23356 --- [    Test worker] z.w.Repository.JPAMemoRepositoryTest     : Starting JPAMemoRepositoryTest using Java 17.0.7 with PID 23356 (started by jr084 in C:\Users\jr084\Coding\intel_j\weather2)
2023-07-27T19:54:46.881+09:00  INFO 23356 --- [    Test worker] z.w.Repository.JPAMemoRepositoryTest     : No active profile set, falling back to 1 default profile: "default"
2023-07-27T19:54:48.481+09:00  INFO 23356 --- [    Test worker] .s.d.r.c.RepositoryConfigurationDelegate : Multiple Spring Data modules found, entering strict repository configuration mode
2023-07-27T19:54:48.495+09:00  INFO 23356 --- [    Test worker] .s.d.r.c.RepositoryConfigurationDelegate : Bootstrapping Spring Data JDBC repositories in DEFAULT mode.
2023-07-27T19:54:48.573+09:00  INFO 23356 --- [    Test worker] .RepositoryConfigurationExtensionSupport : Spring Data JDBC - Could not safely identify store assignment for repository candidate interface zerobase.weather.Repository.JPAMemoRepository; If you want this repository to be a JDBC repository, consider annotating your entities with one of these annotations: org.springframework.data.relational.core.mapping.Table.
2023-07-27T19:54:48.575+09:00  INFO 23356 --- [    Test worker] .s.d.r.c.RepositoryConfigurationDelegate : Finished Spring Data repository scanning in 68 ms. Found 0 JDBC repository interfaces.
2023-07-27T19:54:48.601+09:00  INFO 23356 --- [    Test worker] .s.d.r.c.RepositoryConfigurationDelegate : Multiple Spring Data modules found, entering strict repository configuration mode
2023-07-27T19:54:48.604+09:00  INFO 23356 --- [    Test worker] .s.d.r.c.RepositoryConfigurationDelegate : Bootstrapping Spring Data JPA repositories in DEFAULT mode.
2023-07-27T19:54:48.690+09:00  INFO 23356 --- [    Test worker] .s.d.r.c.RepositoryConfigurationDelegate : Finished Spring Data repository scanning in 74 ms. Found 1 JPA repository interfaces.
2023-07-27T19:54:49.521+09:00  INFO 23356 --- [    Test worker] com.zaxxer.hikari.HikariDataSource       : HikariPool-1 - Starting...
2023-07-27T19:54:49.689+09:00  INFO 23356 --- [    Test worker] com.zaxxer.hikari.pool.HikariPool        : HikariPool-1 - Added connection org.mariadb.jdbc.MariaDbConnection@10244722
2023-07-27T19:54:49.694+09:00  INFO 23356 --- [    Test worker] com.zaxxer.hikari.HikariDataSource       : HikariPool-1 - Start completed.
2023-07-27T19:54:49.959+09:00  INFO 23356 --- [    Test worker] o.hibernate.jpa.internal.util.LogHelper  : HHH000204: Processing PersistenceUnitInfo [name: default]
2023-07-27T19:54:50.163+09:00  INFO 23356 --- [    Test worker] org.hibernate.Version                    : HHH000412: Hibernate ORM core version 6.2.6.Final
2023-07-27T19:54:50.169+09:00  INFO 23356 --- [    Test worker] org.hibernate.cfg.Environment            : HHH000406: Using bytecode reflection optimizer
2023-07-27T19:54:50.631+09:00  INFO 23356 --- [    Test worker] o.h.b.i.BytecodeProviderInitiator        : HHH000021: Bytecode provider name : bytebuddy
2023-07-27T19:54:51.022+09:00  INFO 23356 --- [    Test worker] o.s.o.j.p.SpringPersistenceUnitInfo      : No LoadTimeWeaver setup: ignoring JPA class transformer
2023-07-27T19:54:51.627+09:00  INFO 23356 --- [    Test worker] o.h.b.i.BytecodeProviderInitiator        : HHH000021: Bytecode provider name : bytebuddy
2023-07-27T19:54:52.883+09:00  INFO 23356 --- [    Test worker] o.h.e.t.j.p.i.JtaPlatformInitiator       : HHH000490: Using JtaPlatform implementation: [org.hibernate.engine.transaction.jta.platform.internal.NoJtaPlatform]
2023-07-27T19:54:52.889+09:00  INFO 23356 --- [    Test worker] j.LocalContainerEntityManagerFactoryBean : Initialized JPA EntityManagerFactory for persistence unit 'default'
2023-07-27T19:54:53.285+09:00  WARN 23356 --- [    Test worker] JpaBaseConfiguration$JpaWebConfiguration : spring.jpa.open-in-view is enabled by default. Therefore, database queries may be performed during view rendering. Explicitly configure spring.jpa.open-in-view to disable this warning
2023-07-27T19:54:55.022+09:00  INFO 23356 --- [    Test worker] z.w.Repository.JPAMemoRepositoryTest     : Started JPAMemoRepositoryTest in 8.815 seconds (process running for 11.853)
Hibernate: select m1_0.id,m1_0.text from memo m1_0 where m1_0.id=?
Hibernate: insert into memo (text) values (?)
5
]]></system-out>
  <system-err><![CDATA[]]></system-err>
</testsuite>
